Microsoft (R) Build Engine version 15.8.169+g1ccb72aefa for .NET Core
Copyright (C) Microsoft Corporation. All rights reserved.

  Skipping project "D:\code\tilde-love\tilde\Zero.Module\Zero.Module.csproj" because it was not found.
  Skipping project "D:\code\tilde-love\tilde\Zero.Module\Zero.Module.csproj" because it was not found.
  Restore completed in 51.37 ms for D:\code\tilde-love\tilde\projects\new-test\new-test.csproj.
C:\Program Files\dotnet\sdk\2.1.403\Microsoft.Common.CurrentVersion.targets(1879,5): warning : The referenced project '..\..\Zero.Module\Zero.Module.csproj' does not exist. [D:\code\tilde-love\tilde\projects\new-test\new-test.csproj]
Module.cs(4,7): error CS0246: The type or namespace name 'Zero' could not be found (are you missing a using directive or an assembly reference?) [D:\code\tilde-love\tilde\projects\new-test\new-test.csproj]
Program.cs(1,7): error CS0246: The type or namespace name 'Zero' could not be found (are you missing a using directive or an assembly reference?) [D:\code\tilde-love\tilde\projects\new-test\new-test.csproj]
Module.cs(8,27): error CS0246: The type or namespace name 'IRunnable' could not be found (are you missing a using directive or an assembly reference?) [D:\code\tilde-love\tilde\projects\new-test\new-test.csproj]
Module.cs(19,31): error CS0246: The type or namespace name 'ModuleConnection' could not be found (are you missing a using directive or an assembly reference?) [D:\code\tilde-love\tilde\projects\new-test\new-test.csproj]

Build FAILED.

C:\Program Files\dotnet\sdk\2.1.403\Microsoft.Common.CurrentVersion.targets(1879,5): warning : The referenced project '..\..\Zero.Module\Zero.Module.csproj' does not exist. [D:\code\tilde-love\tilde\projects\new-test\new-test.csproj]
Module.cs(4,7): error CS0246: The type or namespace name 'Zero' could not be found (are you missing a using directive or an assembly reference?) [D:\code\tilde-love\tilde\projects\new-test\new-test.csproj]
Program.cs(1,7): error CS0246: The type or namespace name 'Zero' could not be found (are you missing a using directive or an assembly reference?) [D:\code\tilde-love\tilde\projects\new-test\new-test.csproj]
Module.cs(8,27): error CS0246: The type or namespace name 'IRunnable' could not be found (are you missing a using directive or an assembly reference?) [D:\code\tilde-love\tilde\projects\new-test\new-test.csproj]
Module.cs(19,31): error CS0246: The type or namespace name 'ModuleConnection' could not be found (are you missing a using directive or an assembly reference?) [D:\code\tilde-love\tilde\projects\new-test\new-test.csproj]
    1 Warning(s)
    4 Error(s)

Time Elapsed 00:00:03.30
